<?xml version="1.0" encoding="UTF-8"?>
<!-- Generated by org.testng.reporters.JUnitReportReporter -->
<testsuite hostname="Harinder" failures="0" tests="1" name="com.HarinderKaur.AssignmentWeek16.MultipleTabs" time="28.410" errors="0" timestamp="22 Dec. 2022 03:03:38 GMT" skipped="0">
  <testcase classname="com.HarinderKaur.AssignmentWeek16.MultipleTabs" name="validateMultipleTabs" time="28.410"/>
</testsuite> <!-- com.HarinderKaur.AssignmentWeek16.MultipleTabs -->
