<?xml version="1.0" encoding="UTF-8"?>
<!-- Generated by org.testng.reporters.JUnitReportReporter -->
<testsuite hostname="Harinder" failures="0" tests="1" name="com.HarinderKaur.AssignmentWeek16.ValidateWebPages" time="18.270" errors="0" timestamp="21 Dec. 2022 23:12:32 GMT" skipped="0">
  <testcase classname="com.HarinderKaur.AssignmentWeek16.ValidateWebPages" name="validateWebPages" time="18.270"/>
</testsuite> <!-- com.HarinderKaur.AssignmentWeek16.ValidateWebPages -->
