<?xml version="1.0" encoding="UTF-8"?>
<!-- Generated by org.testng.reporters.JUnitReportReporter -->
<testsuite hostname="Harinder" failures="0" tests="1" name="com.HarinderKaur.AssignmentWeek16.MultipleTabs" time="41.407" errors="0" timestamp="21 Dec. 2022 23:08:35 GMT" skipped="0">
  <testcase classname="com.HarinderKaur.AssignmentWeek16.MultipleTabs" name="validateMultipleTabs" time="41.407"/>
</testsuite> <!-- com.HarinderKaur.AssignmentWeek16.MultipleTabs -->
