<?xml version="1.0" encoding="UTF-8"?>
<!-- Generated by org.testng.reporters.JUnitReportReporter -->
<testsuite hostname="Harinder" failures="0" tests="1" name="com.HarinderKaur.AssignmentWeek16.AppTest" time="0.007" errors="0" timestamp="22 Jan. 2023 07:48:15 GMT" skipped="0">
  <testcase classname="com.HarinderKaur.AssignmentWeek16.AppTest" name="shouldAnswerWithTrue" time="0.007"/>
</testsuite> <!-- com.HarinderKaur.AssignmentWeek16.AppTest -->
